2023-01-10 13:28:18 INFO  ProjectBanking:20 - URL is opened
  2023-01-10 13:28:18 INFO  ProjectBanking:22 - Window is maximized
  2023-01-10 13:28:18 INFO  ProjectBanking:25 - Entered Username
  2023-01-10 13:28:18 INFO  ProjectBanking:27 - Entered Password
  2023-01-10 13:28:25 INFO  ProjectBanking:29 - Clicked on Login button
  2023-01-10 13:28:25 INFO  ProjectBanking:37 - Test is failed
  2023-01-10 13:33:54 INFO  ProjectBanking:20 - URL is opened
  2023-01-10 13:33:54 INFO  ProjectBanking:22 - Window is maximized
  2023-01-10 13:33:54 INFO  ProjectBanking:25 - Entered Username
  2023-01-10 13:33:55 INFO  ProjectBanking:27 - Entered Password
  2023-01-10 13:33:56 INFO  ProjectBanking:29 - Clicked on Login button
  2023-01-10 13:33:56 INFO  ProjectBanking:37 - Test is failed
  2023-01-10 14:01:04 INFO  ProjectBanking:20 - URL is opened
  2023-01-10 14:01:05 INFO  ProjectBanking:22 - Window is maximized
  2023-01-10 14:01:05 INFO  ProjectBanking:25 - Entered Username
  2023-01-10 14:01:05 INFO  ProjectBanking:27 - Entered Password
  2023-01-10 14:01:06 INFO  ProjectBanking:29 - Clicked on Login button
  2023-01-10 14:01:06 INFO  ProjectBanking:37 - Test is failed
  2023-01-11 11:20:29 INFO  ProjectBanking:20 - URL is opened
  2023-01-11 11:20:29 INFO  ProjectBanking:22 - Window is maximized
  2023-01-11 11:20:30 INFO  ProjectBanking:25 - Entered Username
  2023-01-11 11:20:30 INFO  ProjectBanking:27 - Entered Password
  2023-01-11 11:20:34 INFO  ProjectBanking:29 - Clicked on Login button
  2023-01-11 11:20:34 INFO  ProjectBanking:37 - Test is failed
  2023-01-11 11:23:08 INFO  ProjectBanking:20 - URL is opened
  2023-01-11 11:23:08 INFO  ProjectBanking:22 - Window is maximized
  2023-01-11 11:23:08 INFO  ProjectBanking:25 - Entered Username
  2023-01-11 11:23:08 INFO  ProjectBanking:27 - Entered Password
  2023-01-11 11:23:10 INFO  ProjectBanking:29 - Clicked on Login button
  2023-01-11 11:23:10 INFO  ProjectBanking:37 - Test is failed
  2023-01-11 11:25:28 INFO  ProjectBanking:20 - URL is opened
  2023-01-11 11:25:28 INFO  ProjectBanking:22 - Window is maximized
  2023-01-11 11:25:28 INFO  ProjectBanking:25 - Entered Username
  2023-01-11 11:25:28 INFO  ProjectBanking:27 - Entered Password
  2023-01-11 11:25:30 INFO  ProjectBanking:29 - Clicked on Login button
  2023-01-11 11:25:30 INFO  ProjectBanking:37 - Test is failed
  2023-01-11 11:29:55 INFO  ProjectBanking:20 - URL is opened
  2023-01-11 11:29:55 INFO  ProjectBanking:22 - Window is maximized
  2023-01-11 11:29:56 INFO  ProjectBanking:25 - Entered Username
  2023-01-11 11:29:56 INFO  ProjectBanking:27 - Entered Password
  2023-01-11 11:29:58 INFO  ProjectBanking:29 - Clicked on Login button
  2023-01-11 11:29:58 INFO  ProjectBanking:37 - Test is failed
  2023-01-11 11:33:16 INFO  ProjectBanking:20 - URL is opened
  2023-01-11 11:33:16 INFO  ProjectBanking:22 - Window is maximized
  2023-01-11 11:33:17 INFO  ProjectBanking:25 - Entered Username
  2023-01-11 11:33:17 INFO  ProjectBanking:27 - Entered Password
  2023-01-11 11:33:19 INFO  ProjectBanking:29 - Clicked on Login button
  2023-01-11 11:33:19 INFO  ProjectBanking:37 - Test is failed
  2023-01-11 11:38:28 INFO  ProjectBanking:20 - URL is opened
  2023-01-11 11:38:29 INFO  ProjectBanking:22 - Window is maximized
  2023-01-11 11:38:29 INFO  ProjectBanking:25 - Entered Username
  2023-01-11 11:38:29 INFO  ProjectBanking:27 - Entered Password
  2023-01-11 11:38:30 INFO  ProjectBanking:29 - Clicked on Login button
  2023-01-11 11:38:30 INFO  ProjectBanking:37 - Test is failed
  2023-01-11 11:39:15 INFO  ProjectBanking:20 - URL is opened
  2023-01-11 11:39:15 INFO  ProjectBanking:22 - Window is maximized
  2023-01-11 11:39:16 INFO  ProjectBanking:25 - Entered Username
  2023-01-11 11:39:16 INFO  ProjectBanking:27 - Entered Password
  2023-01-11 11:39:17 INFO  ProjectBanking:29 - Clicked on Login button
  2023-01-11 11:39:17 INFO  ProjectBanking:37 - Test is failed
  2023-01-11 11:42:13 INFO  ProjectBanking:20 - URL is opened
  2023-01-11 11:42:13 INFO  ProjectBanking:22 - Window is maximized
  2023-01-11 11:42:13 INFO  ProjectBanking:25 - Entered Username
  2023-01-11 11:42:13 INFO  ProjectBanking:27 - Entered Password
  2023-01-11 11:42:14 INFO  ProjectBanking:29 - Clicked on Login button
  2023-01-11 11:42:14 INFO  ProjectBanking:37 - Test is failed
  2023-01-11 11:44:21 INFO  ProjectBanking:20 - URL is opened
  2023-01-11 11:44:22 INFO  ProjectBanking:22 - Window is maximized
  2023-01-11 11:44:22 INFO  ProjectBanking:25 - Entered Username
  2023-01-11 11:44:22 INFO  ProjectBanking:27 - Entered Password
  2023-01-11 11:44:24 INFO  ProjectBanking:29 - Clicked on Login button
  2023-01-11 11:44:24 INFO  ProjectBanking:37 - Test is failed
  2023-01-11 11:46:19 INFO  ProjectBanking:20 - URL is opened
  2023-01-11 11:46:19 INFO  ProjectBanking:22 - Window is maximized
  2023-01-11 11:46:19 INFO  ProjectBanking:25 - Entered Username
  2023-01-11 11:46:20 INFO  ProjectBanking:27 - Entered Password
  2023-01-11 11:46:22 INFO  ProjectBanking:29 - Clicked on Login button
  2023-01-11 11:46:22 INFO  ProjectBanking:37 - Test is failed
  2023-01-11 11:48:44 INFO  ProjectBanking:20 - URL is opened
  2023-01-11 11:48:45 INFO  ProjectBanking:22 - Window is maximized
  2023-01-11 11:48:45 INFO  ProjectBanking:25 - Entered Username
  2023-01-11 11:48:45 INFO  ProjectBanking:27 - Entered Password
  2023-01-11 11:48:47 INFO  ProjectBanking:29 - Clicked on Login button
  2023-01-11 11:48:47 INFO  ProjectBanking:37 - Test is failed
  2023-01-11 11:50:42 INFO  ProjectBanking:20 - URL is opened
  2023-01-11 11:50:42 INFO  ProjectBanking:22 - Window is maximized
  2023-01-11 11:50:42 INFO  ProjectBanking:25 - Entered Username
  2023-01-11 11:50:43 INFO  ProjectBanking:27 - Entered Password
  2023-01-11 11:50:44 INFO  ProjectBanking:29 - Clicked on Login button
  2023-01-11 11:50:44 INFO  ProjectBanking:37 - Test is failed
  2023-01-11 11:52:04 INFO  ProjectBanking:20 - URL is opened
  2023-01-11 11:52:04 INFO  ProjectBanking:22 - Window is maximized
  2023-01-11 11:52:17 INFO  ProjectBanking:25 - Entered Username
  2023-01-11 11:52:17 INFO  ProjectBanking:27 - Entered Password
  2023-01-11 11:52:19 INFO  ProjectBanking:29 - Clicked on Login button
  2023-01-11 11:52:19 INFO  ProjectBanking:37 - Test is failed
  2023-01-11 11:57:20 INFO  ProjectBanking:20 - URL is opened
  2023-01-11 11:57:20 INFO  ProjectBanking:22 - Window is maximized
  2023-01-11 11:57:20 INFO  ProjectBanking:25 - Entered Username
  2023-01-11 11:57:20 INFO  ProjectBanking:27 - Entered Password
  2023-01-11 11:57:21 INFO  ProjectBanking:29 - Clicked on Login button
  2023-01-11 11:57:21 INFO  ProjectBanking:37 - Test is failed
  2023-01-11 12:00:59 INFO  ProjectBanking:20 - URL is opened
  2023-01-11 12:01:00 INFO  ProjectBanking:22 - Window is maximized
  2023-01-11 12:01:00 INFO  ProjectBanking:25 - Entered Username
  2023-01-11 12:01:00 INFO  ProjectBanking:27 - Entered Password
  2023-01-11 12:01:02 INFO  ProjectBanking:29 - Clicked on Login button
  2023-01-11 12:01:02 INFO  ProjectBanking:37 - Test is failed
  2023-01-11 12:05:11 INFO  ProjectBanking:20 - URL is opened
  2023-01-11 12:05:11 INFO  ProjectBanking:22 - Window is maximized
  2023-01-11 12:05:11 INFO  ProjectBanking:25 - Entered Username
  2023-01-11 12:05:11 INFO  ProjectBanking:27 - Entered Password
  2023-01-11 12:05:13 INFO  ProjectBanking:29 - Clicked on Login button
  2023-01-11 12:05:13 INFO  ProjectBanking:37 - Test is failed
  2023-01-11 12:08:47 INFO  ProjectBanking:20 - URL is opened
  2023-01-11 12:08:47 INFO  ProjectBanking:22 - Window is maximized
  2023-01-11 12:08:47 INFO  ProjectBanking:25 - Entered Username
  2023-01-11 12:08:47 INFO  ProjectBanking:27 - Entered Password
  2023-01-11 12:08:49 INFO  ProjectBanking:29 - Clicked on Login button
  2023-01-11 12:08:49 INFO  ProjectBanking:37 - Test is failed
  2023-01-11 12:10:28 INFO  ProjectBanking:20 - URL is opened
  2023-01-11 12:10:28 INFO  ProjectBanking:22 - Window is maximized
  2023-01-11 12:10:28 INFO  ProjectBanking:25 - Entered Username
  2023-01-11 12:10:28 INFO  ProjectBanking:27 - Entered Password
  2023-01-11 12:10:31 INFO  ProjectBanking:29 - Clicked on Login button
  2023-01-11 12:10:31 INFO  ProjectBanking:32 - Test is Passed
  2023-01-11 12:12:23 INFO  ProjectBanking:20 - URL is opened
  2023-01-11 12:12:23 INFO  ProjectBanking:22 - Window is maximized
  2023-01-11 12:12:23 INFO  ProjectBanking:25 - Entered Username
  2023-01-11 12:12:23 INFO  ProjectBanking:27 - Entered Password
  2023-01-11 12:12:25 INFO  ProjectBanking:29 - Clicked on Login button
  2023-01-11 12:12:25 INFO  ProjectBanking:32 - Test is Passed
  2023-01-11 12:13:42 INFO  ProjectBanking:20 - URL is opened
  2023-01-11 12:13:42 INFO  ProjectBanking:22 - Window is maximized
  2023-01-11 12:13:42 INFO  ProjectBanking:25 - Entered Username
  2023-01-11 12:13:42 INFO  ProjectBanking:27 - Entered Password
  2023-01-11 12:13:44 INFO  ProjectBanking:29 - Clicked on Login button
  2023-01-11 12:13:45 INFO  ProjectBanking:32 - Test is Passed
  2023-01-11 12:19:47 INFO  ProjectBanking:20 - URL is opened
  2023-01-11 12:19:47 INFO  ProjectBanking:22 - Window is maximized
  2023-01-11 12:19:47 INFO  ProjectBanking:25 - Entered Username
  2023-01-11 12:19:47 INFO  ProjectBanking:27 - Entered Password
  2023-01-11 12:19:49 INFO  ProjectBanking:29 - Clicked on Login button
  2023-01-11 12:19:49 INFO  ProjectBanking:32 - Test is Passed
  2023-01-11 12:23:39 INFO  ProjectBanking:20 - URL is opened
  2023-01-11 12:23:39 INFO  ProjectBanking:22 - Window is maximized
  2023-01-11 12:23:39 INFO  ProjectBanking:25 - Entered Username
  2023-01-11 12:23:39 INFO  ProjectBanking:27 - Entered Password
  2023-01-11 12:23:40 INFO  ProjectBanking:29 - Clicked on Login button
  2023-01-11 12:23:40 INFO  ProjectBanking:32 - Test is Passed
  2023-01-11 12:26:58 INFO  ProjectBanking:20 - URL is opened
  2023-01-11 12:26:58 INFO  ProjectBanking:22 - Window is maximized
  2023-01-11 12:26:58 INFO  ProjectBanking:25 - Entered Username
  2023-01-11 12:26:58 INFO  ProjectBanking:27 - Entered Password
  2023-01-11 12:27:00 INFO  ProjectBanking:29 - Clicked on Login button
  2023-01-11 12:27:00 INFO  ProjectBanking:32 - Test is Passed
  2023-01-11 12:30:16 INFO  ProjectBanking:19 - URL is opened
  2023-01-11 12:30:16 INFO  ProjectBanking:21 - Window is maximized
  2023-01-11 12:30:16 INFO  ProjectBanking:24 - Entered Username
  2023-01-11 12:30:16 INFO  ProjectBanking:26 - Entered Password
  2023-01-11 12:30:18 INFO  ProjectBanking:28 - Clicked on Login button
  2023-01-11 12:30:18 INFO  ProjectBanking:31 - Test is Passed
  2023-01-11 12:52:31 INFO  ProjectBanking:19 - URL is opened
  2023-01-11 12:52:31 INFO  ProjectBanking:21 - Window is maximized
  2023-01-11 12:52:31 INFO  ProjectBanking:24 - Entered Username
  2023-01-11 12:52:32 INFO  ProjectBanking:26 - Entered Password
  2023-01-11 12:52:33 INFO  ProjectBanking:28 - Clicked on Login button
  2023-01-11 12:52:33 INFO  ProjectBanking:31 - Test is Passed
  2023-01-11 12:53:40 INFO  ProjectBanking:19 - URL is opened
  2023-01-11 12:53:40 INFO  ProjectBanking:21 - Window is maximized
  2023-01-11 12:53:40 INFO  ProjectBanking:24 - Entered Username
  2023-01-11 12:53:40 INFO  ProjectBanking:26 - Entered Password
  2023-01-11 12:53:42 INFO  ProjectBanking:28 - Clicked on Login button
  2023-01-11 12:53:42 INFO  ProjectBanking:31 - Test is Passed
  2023-01-11 13:21:10 INFO  ProjectBanking:20 - URL is opened
  2023-01-11 13:21:10 INFO  ProjectBanking:22 - Window is maximized
  2023-01-11 13:21:10 INFO  ProjectBanking:25 - Entered Username
  2023-01-11 13:21:10 INFO  ProjectBanking:27 - Entered Password
  2023-01-11 13:21:12 INFO  ProjectBanking:29 - Clicked on Login button
  2023-01-11 13:21:12 INFO  ProjectBanking:32 - Test is Passed
  2023-01-11 13:22:33 INFO  ProjectBanking:20 - URL is opened
  2023-01-11 13:22:34 INFO  ProjectBanking:22 - Window is maximized
  2023-01-11 13:22:34 INFO  ProjectBanking:25 - Entered Username
  2023-01-11 13:22:34 INFO  ProjectBanking:27 - Entered Password
  2023-01-11 13:22:36 INFO  ProjectBanking:29 - Clicked on Login button
  2023-01-11 13:22:36 INFO  ProjectBanking:32 - Test is Passed
  2023-01-11 13:25:30 INFO  ProjectBanking:20 - URL is opened
  2023-01-11 13:25:30 INFO  ProjectBanking:22 - Window is maximized
  2023-01-11 13:25:31 INFO  ProjectBanking:25 - Entered Username
  2023-01-11 13:25:31 INFO  ProjectBanking:27 - Entered Password
  2023-01-11 13:25:33 INFO  ProjectBanking:29 - Clicked on Login button
  2023-01-11 13:25:33 INFO  ProjectBanking:32 - Test is Passed
  2023-01-11 13:41:28 INFO  ProjectBanking:20 - URL is opened
  2023-01-11 13:41:28 INFO  ProjectBanking:22 - Window is maximized
  2023-01-11 13:41:28 INFO  ProjectBanking:25 - Entered Username
  2023-01-11 13:41:29 INFO  ProjectBanking:27 - Entered Password
  2023-01-11 13:41:30 INFO  ProjectBanking:29 - Clicked on Login button
  2023-01-11 13:41:30 INFO  ProjectBanking:32 - Test is Passed
  2023-01-11 13:45:45 INFO  ProjectBanking:21 - URL is opened
  2023-01-11 13:45:45 INFO  ProjectBanking:24 - Window is maximized
  2023-01-11 13:45:45 INFO  ProjectBanking:27 - Entered Username
  2023-01-11 13:45:45 INFO  ProjectBanking:29 - Entered Password
  2023-01-11 13:45:47 INFO  ProjectBanking:31 - Clicked on Login button
  2023-01-11 13:45:47 INFO  ProjectBanking:34 - Test is Passed
  2023-01-12 10:46:47 INFO  ProjectBanking:21 - URL is opened
  2023-01-12 10:46:48 INFO  ProjectBanking:24 - Window is maximized
  2023-01-12 10:46:49 INFO  ProjectBanking:27 - Entered Username
  2023-01-12 10:46:50 INFO  ProjectBanking:29 - Entered Password
  2023-01-12 10:46:52 INFO  ProjectBanking:31 - Clicked on Login button
  2023-01-12 10:46:52 INFO  ProjectBanking:34 - Test is Passed
  2023-01-12 10:56:38 INFO  ProjectBanking:21 - URL is opened
  2023-01-12 10:56:38 INFO  ProjectBanking:24 - Window is maximized
  2023-01-12 10:56:39 INFO  ProjectBanking:27 - Entered Username
  2023-01-12 10:56:39 INFO  ProjectBanking:29 - Entered Password
  2023-01-12 10:56:42 INFO  ProjectBanking:31 - Clicked on Login button
  2023-01-12 10:56:42 INFO  ProjectBanking:34 - Test is Passed
  2023-01-12 11:04:14 INFO  ProjectBanking:21 - URL is opened
  2023-01-12 11:04:14 INFO  ProjectBanking:24 - Window is maximized
  2023-01-12 11:04:15 INFO  ProjectBanking:27 - Entered Username
  2023-01-12 11:04:15 INFO  ProjectBanking:29 - Entered Password
  2023-01-12 11:04:17 INFO  ProjectBanking:31 - Clicked on Login button
  2023-01-12 11:04:17 INFO  ProjectBanking:34 - Test is Passed
  2023-01-12 11:07:22 INFO  ProjectBanking:21 - URL is opened
  2023-01-12 11:07:23 INFO  ProjectBanking:24 - Window is maximized
  2023-01-12 11:07:23 INFO  ProjectBanking:27 - Entered Username
  2023-01-12 11:07:28 INFO  ProjectBanking:29 - Entered Password
  2023-01-12 11:07:44 INFO  ProjectBanking:31 - Clicked on Login button
  2023-01-12 11:07:44 INFO  ProjectBanking:34 - Test is Passed
  2023-01-12 11:16:04 INFO  ProjectBanking:21 - URL is opened
  2023-01-12 11:16:04 INFO  ProjectBanking:24 - Window is maximized
  2023-01-12 11:16:04 INFO  ProjectBanking:27 - Entered Username
  2023-01-12 11:16:08 INFO  ProjectBanking:29 - Entered Password
  2023-01-12 11:20:26 INFO  ProjectBanking:20 - URL is opened
  2023-01-12 11:20:26 INFO  ProjectBanking:23 - Window is maximized
  2023-01-12 11:20:26 INFO  ProjectBanking:26 - Entered Username
  2023-01-12 11:20:27 INFO  ProjectBanking:28 - Entered Password
  2023-01-12 11:22:27 INFO  ProjectBanking:20 - URL is opened
  2023-01-12 11:22:27 INFO  ProjectBanking:23 - Window is maximized
  2023-01-12 11:24:40 INFO  ProjectBanking:20 - URL is opened
  2023-01-12 11:24:41 INFO  ProjectBanking:23 - Window is maximized
  2023-01-12 11:30:45 INFO  ProjectBanking:20 - URL is opened
  2023-01-12 11:30:45 INFO  ProjectBanking:23 - Window is maximized
  2023-01-12 11:31:43 INFO  ProjectBanking:20 - URL is opened
  2023-01-12 11:31:43 INFO  ProjectBanking:23 - Window is maximized
  2023-01-12 11:34:40 INFO  ProjectBanking:20 - URL is opened
  2023-01-12 11:34:40 INFO  ProjectBanking:23 - Window is maximized
  2023-01-12 11:36:33 INFO  ProjectBanking:20 - URL is opened
  2023-01-12 11:36:33 INFO  ProjectBanking:23 - Window is maximized
  2023-01-12 11:40:46 INFO  ProjectBanking:20 - URL is opened
  2023-01-12 11:40:54 INFO  ProjectBanking:23 - Window is maximized
  2023-01-12 11:43:17 INFO  ProjectBanking:20 - URL is opened
  2023-01-12 11:43:18 INFO  ProjectBanking:23 - Window is maximized
  2023-01-12 11:43:18 INFO  ProjectBanking:26 - Entered Username
  2023-01-12 11:43:19 INFO  ProjectBanking:28 - Entered Password
  2023-01-12 11:45:27 INFO  ProjectBanking:20 - URL is opened
  2023-01-12 11:45:27 INFO  ProjectBanking:23 - Window is maximized
  2023-01-12 11:45:28 INFO  ProjectBanking:26 - Entered Username
  2023-01-12 11:45:28 INFO  ProjectBanking:28 - Entered Password
  2023-01-12 11:45:30 INFO  ProjectBanking:30 - Clicked on Login button
  2023-01-12 11:45:31 INFO  ProjectBanking:33 - Test is Passed
  2023-01-12 11:47:21 INFO  ProjectBanking:20 - URL is opened
  2023-01-12 11:53:33 INFO  ProjectBanking:20 - URL is opened
  2023-01-12 11:53:33 INFO  ProjectBanking:23 - Window is maximized
  2023-01-12 11:53:33 INFO  ProjectBanking:26 - Entered Username
  2023-01-12 11:53:33 INFO  ProjectBanking:28 - Entered Password
  2023-01-12 11:53:35 INFO  ProjectBanking:30 - Clicked on Login button
  2023-01-12 11:53:35 INFO  ProjectBanking:33 - Test is Passed
  2023-01-12 11:55:16 INFO  ProjectBanking:20 - URL is opened
  2023-01-12 11:55:16 INFO  ProjectBanking:23 - Window is maximized
  2023-01-12 11:55:16 INFO  ProjectBanking:26 - Entered Username
  2023-01-12 11:55:16 INFO  ProjectBanking:28 - Entered Password
  2023-01-12 11:55:19 INFO  ProjectBanking:30 - Clicked on Login button
  2023-01-12 11:55:19 INFO  ProjectBanking:33 - Test is Passed
  2023-01-12 11:56:06 INFO  ProjectBanking:20 - URL is opened
  2023-01-12 11:56:06 INFO  ProjectBanking:23 - Window is maximized
  2023-01-12 11:56:06 INFO  ProjectBanking:26 - Entered Username
  2023-01-12 11:56:06 INFO  ProjectBanking:28 - Entered Password
  2023-01-12 11:56:08 INFO  ProjectBanking:30 - Clicked on Login button
  2023-01-12 11:56:08 INFO  ProjectBanking:33 - Test is Passed
  2023-01-12 12:19:15 INFO  ProjectBanking:20 - URL is opened
  2023-01-12 12:19:15 INFO  ProjectBanking:23 - Window is maximized
  2023-01-12 12:19:15 INFO  ProjectBanking:26 - Entered Username
  2023-01-12 12:19:16 INFO  ProjectBanking:28 - Entered Password
  2023-01-12 12:19:18 INFO  ProjectBanking:30 - Clicked on Login button
  2023-01-12 12:19:18 INFO  ProjectBanking:33 - Test is Passed
  2023-01-12 12:20:30 INFO  ProjectBanking:20 - URL is opened
  2023-01-12 12:20:31 INFO  ProjectBanking:23 - Window is maximized
  2023-01-12 12:20:31 INFO  ProjectBanking:26 - Entered Username
  2023-01-12 12:20:31 INFO  ProjectBanking:28 - Entered Password
  2023-01-12 12:20:35 INFO  ProjectBanking:30 - Clicked on Login button
  2023-01-12 12:20:35 INFO  ProjectBanking:33 - Test is Passed
  2023-01-12 12:22:32 INFO  ProjectBanking:20 - URL is opened
  2023-01-12 12:22:32 INFO  ProjectBanking:23 - Window is maximized
  2023-01-12 12:22:32 INFO  ProjectBanking:26 - Entered Username
  2023-01-12 12:22:34 INFO  ProjectBanking:28 - Entered Password
  2023-01-12 12:22:36 INFO  ProjectBanking:30 - Clicked on Login button
  2023-01-12 12:22:36 INFO  ProjectBanking:33 - Test is Passed
  2023-01-12 12:23:24 INFO  ProjectBanking:20 - URL is opened
  2023-01-12 12:23:24 INFO  ProjectBanking:23 - Window is maximized
  2023-01-12 12:23:30 INFO  ProjectBanking:26 - Entered Username
  2023-01-12 12:23:31 INFO  ProjectBanking:28 - Entered Password
  2023-01-12 12:23:37 INFO  ProjectBanking:30 - Clicked on Login button
  2023-01-12 12:23:37 INFO  ProjectBanking:33 - Test is Passed
  2023-01-12 12:37:57 INFO  ProjectBanking:20 - URL is opened
  2023-01-12 12:37:57 INFO  ProjectBanking:23 - Window is maximized
  2023-01-12 12:37:57 INFO  ProjectBanking:26 - Entered Username
  2023-01-12 12:37:58 INFO  ProjectBanking:28 - Entered Password
  2023-01-12 12:38:00 INFO  ProjectBanking:30 - Clicked on Login button
  2023-01-12 12:38:00 INFO  ProjectBanking:33 - Test is Passed
  2023-01-12 12:40:41 INFO  ProjectBanking:20 - URL is opened
  2023-01-12 12:40:41 INFO  ProjectBanking:23 - Window is maximized
  2023-01-12 12:40:42 INFO  ProjectBanking:26 - Entered Username
  2023-01-12 12:40:42 INFO  ProjectBanking:28 - Entered Password
  2023-01-12 12:40:44 INFO  ProjectBanking:30 - Clicked on Login button
  2023-01-12 12:40:44 INFO  ProjectBanking:33 - Test is Passed
  2023-01-12 13:01:49 INFO  ProjectBanking:20 - URL is opened
  2023-01-12 13:01:50 INFO  ProjectBanking:23 - Window is maximized
  2023-01-12 13:01:50 INFO  ProjectBanking:26 - Entered Username
  2023-01-12 13:01:50 INFO  ProjectBanking:28 - Entered Password
  2023-01-12 13:01:52 INFO  ProjectBanking:30 - Clicked on Login button
  2023-01-12 13:01:52 INFO  ProjectBanking:33 - Test is Passed
  2023-01-12 13:05:10 INFO  ProjectBanking:20 - URL is opened
  2023-01-12 13:05:11 INFO  ProjectBanking:23 - Window is maximized
  2023-01-12 13:05:11 INFO  ProjectBanking:26 - Entered Username
  2023-01-12 13:05:11 INFO  ProjectBanking:28 - Entered Password
  2023-01-12 13:05:13 INFO  ProjectBanking:30 - Clicked on Login button
  2023-01-12 13:05:13 INFO  ProjectBanking:33 - Test is Passed
  2023-01-16 16:36:07 INFO  ProjectBanking:23 - URL is opened
  2023-01-16 16:36:09 INFO  ProjectBanking:25 - Window is maximized
  2023-01-16 16:42:26 INFO  ProjectBanking:23 - URL is opened
  2023-01-16 16:42:43 INFO  ProjectBanking:25 - Window is maximized
  2023-01-16 16:45:51 INFO  ProjectBanking:23 - URL is opened
  2023-01-16 16:45:53 INFO  ProjectBanking:25 - Window is maximized
  2023-01-16 16:45:56 INFO  ProjectBanking:28 - Entered Username
  2023-01-16 16:46:03 INFO  ProjectBanking:30 - Entered Password
  2023-01-16 16:46:08 INFO  ProjectBanking:32 - Clicked on Login button
  2023-01-16 16:46:10 INFO  ProjectBanking:35 - Test is Passed
  2023-01-17 12:20:27 INFO  ProjectBanking:23 - URL is opened
  2023-01-17 12:20:27 INFO  ProjectBanking:25 - Window is maximized
  2023-01-17 12:20:27 INFO  ProjectBanking:28 - Entered Username
  2023-01-17 12:20:27 INFO  ProjectBanking:30 - Entered Password
  2023-01-17 12:20:29 INFO  ProjectBanking:32 - Clicked on Login button
  2023-01-17 12:20:29 INFO  ProjectBanking:35 - Test is Passed
  2023-01-17 12:53:20 INFO  ProjectBanking:23 - URL is opened
  2023-01-17 12:53:21 INFO  ProjectBanking:25 - Window is maximized
  2023-01-17 12:53:21 INFO  ProjectBanking:28 - Entered Username
  2023-01-17 12:53:21 INFO  ProjectBanking:30 - Entered Password
  2023-01-17 12:53:22 INFO  ProjectBanking:32 - Clicked on Login button
  2023-01-17 12:53:22 INFO  ProjectBanking:35 - Test is Passed
  2023-01-17 13:22:59 INFO  ProjectBanking:26 - URL is opened
  2023-01-17 13:22:59 INFO  ProjectBanking:28 - Window is maximized
  2023-01-17 13:22:59 INFO  ProjectBanking:31 - Entered Username
  2023-01-17 13:22:59 INFO  ProjectBanking:33 - Entered Password
  2023-01-17 13:23:02 INFO  ProjectBanking:35 - Clicked on Login button
  2023-01-17 13:23:02 INFO  ProjectBanking:38 - Test is Passed
  2023-01-17 13:25:05 INFO  ProjectBanking:26 - URL is opened
  2023-01-17 13:25:22 INFO  ProjectBanking:28 - Window is maximized
  2023-01-17 13:27:56 INFO  ProjectBanking:31 - Entered Username
  2023-01-17 13:28:10 INFO  ProjectBanking:33 - Entered Password
  2023-01-17 13:28:21 INFO  ProjectBanking:35 - Clicked on Login button
  2023-01-17 13:28:21 INFO  ProjectBanking:38 - Test is Passed
  2023-01-18 11:29:21 INFO  ProjectBanking:26 - URL is opened
  2023-01-18 11:29:21 INFO  ProjectBanking:28 - Window is maximized
  2023-01-18 11:29:21 INFO  ProjectBanking:31 - Entered Username
  2023-01-18 11:29:21 INFO  ProjectBanking:33 - Entered Password
  2023-01-18 11:29:27 INFO  ProjectBanking:35 - Clicked on Login button
  2023-01-18 11:29:27 INFO  ProjectBanking:38 - Test is Passed
  2023-01-18 11:31:46 INFO  ProjectBanking:26 - URL is opened
  2023-01-18 11:31:47 INFO  ProjectBanking:28 - Window is maximized
  2023-01-18 11:31:47 INFO  ProjectBanking:31 - Entered Username
  2023-01-18 11:31:47 INFO  ProjectBanking:33 - Entered Password
  2023-01-18 11:31:49 INFO  ProjectBanking:35 - Clicked on Login button
  2023-01-18 11:31:49 INFO  ProjectBanking:38 - Test is Passed
  2023-01-18 11:43:52 INFO  ProjectBanking:26 - URL is opened
  2023-01-18 11:43:52 INFO  ProjectBanking:28 - Window is maximized
  2023-01-18 11:43:52 INFO  ProjectBanking:31 - Entered Username
  2023-01-18 11:43:52 INFO  ProjectBanking:33 - Entered Password
  2023-01-18 11:43:58 INFO  ProjectBanking:35 - Clicked on Login button
  2023-01-18 11:43:58 INFO  ProjectBanking:38 - Test is Passed
  2023-01-18 12:38:00 INFO  ProjectBanking:26 - URL is opened
  2023-01-18 12:38:00 INFO  ProjectBanking:28 - Window is maximized
  2023-01-18 12:38:00 INFO  ProjectBanking:31 - Entered Username
  2023-01-18 12:38:00 INFO  ProjectBanking:33 - Entered Password
  2023-01-18 12:38:02 INFO  ProjectBanking:35 - Clicked on Login button
  2023-01-18 12:38:02 INFO  ProjectBanking:38 - Test is Passed
  2023-01-18 12:51:56 INFO  ProjectBanking:26 - URL is opened
  2023-01-18 12:51:56 INFO  ProjectBanking:28 - Window is maximized
  2023-01-18 12:51:56 INFO  ProjectBanking:31 - Entered Username
  2023-01-18 12:51:57 INFO  ProjectBanking:33 - Entered Password
  2023-01-18 12:52:01 INFO  ProjectBanking:35 - Clicked on Login button
  2023-01-18 12:52:01 INFO  ProjectBanking:38 - Test is Passed
  2023-01-18 12:57:21 INFO  ProjectBanking:26 - URL is opened
  2023-01-18 12:57:21 INFO  ProjectBanking:28 - Window is maximized
  2023-01-18 12:57:21 INFO  ProjectBanking:31 - Entered Username
  2023-01-18 12:57:21 INFO  ProjectBanking:33 - Entered Password
  2023-01-18 12:57:23 INFO  ProjectBanking:35 - Clicked on Login button
  2023-01-18 12:57:23 INFO  ProjectBanking:38 - Test is Passed
  2023-01-18 12:57:58 INFO  ProjectBanking:26 - URL is opened
  2023-01-18 12:57:58 INFO  ProjectBanking:28 - Window is maximized
  2023-01-18 12:57:59 INFO  ProjectBanking:31 - Entered Username
  2023-01-18 12:57:59 INFO  ProjectBanking:33 - Entered Password
  2023-01-18 12:58:01 INFO  ProjectBanking:35 - Clicked on Login button
  2023-01-18 12:58:01 INFO  ProjectBanking:38 - Test is Passed
  2023-01-18 13:02:33 INFO  ProjectBanking:26 - URL is opened
  2023-01-18 13:02:33 INFO  ProjectBanking:28 - Window is maximized
  2023-01-18 13:02:33 INFO  ProjectBanking:31 - Entered Username
  2023-01-18 13:02:33 INFO  ProjectBanking:33 - Entered Password
  2023-01-18 13:02:34 INFO  ProjectBanking:35 - Clicked on Login button
  2023-01-18 13:02:34 INFO  ProjectBanking:38 - Test is Passed
  2023-01-18 13:04:32 INFO  ProjectBanking:26 - URL is opened
  2023-01-18 13:04:32 INFO  ProjectBanking:28 - Window is maximized
  2023-01-18 13:04:32 INFO  ProjectBanking:31 - Entered Username
  2023-01-18 13:04:32 INFO  ProjectBanking:33 - Entered Password
  2023-01-18 13:04:34 INFO  ProjectBanking:35 - Clicked on Login button
  2023-01-18 13:04:34 INFO  ProjectBanking:38 - Test is Passed
  2023-01-19 15:04:32 INFO  ProjectBanking:26 - URL is opened
  2023-01-19 15:04:32 INFO  ProjectBanking:28 - Window is maximized
  2023-01-19 15:04:33 INFO  ProjectBanking:31 - Entered Username
  2023-01-19 15:04:33 INFO  ProjectBanking:33 - Entered Password
  2023-01-19 15:04:37 INFO  ProjectBanking:35 - Clicked on Login button
  2023-01-19 15:04:37 INFO  ProjectBanking:38 - Test is Passed
  2023-01-19 16:34:17 INFO  ProjectBanking:26 - URL is opened
  2023-01-19 16:34:17 INFO  ProjectBanking:28 - Window is maximized
  2023-01-19 16:34:17 INFO  ProjectBanking:31 - Entered Username
  2023-01-19 16:34:17 INFO  ProjectBanking:33 - Entered Password
  2023-01-19 16:34:19 INFO  ProjectBanking:35 - Clicked on Login button
  2023-01-19 16:34:19 INFO  ProjectBanking:38 - Test is Passed
  2023-01-19 16:34:54 INFO  ProjectBanking:26 - URL is opened
  2023-01-19 16:34:55 INFO  ProjectBanking:28 - Window is maximized
  2023-01-19 16:34:55 INFO  ProjectBanking:31 - Entered Username
  2023-01-19 16:34:55 INFO  ProjectBanking:33 - Entered Password
  2023-01-19 16:34:56 INFO  ProjectBanking:35 - Clicked on Login button
  2023-01-19 16:34:57 INFO  ProjectBanking:38 - Test is Passed
  2023-01-19 16:37:42 INFO  ProjectBanking:26 - URL is opened
  2023-01-19 16:37:42 INFO  ProjectBanking:28 - Window is maximized
  2023-01-19 16:37:42 INFO  ProjectBanking:31 - Entered Username
  2023-01-19 16:37:43 INFO  ProjectBanking:33 - Entered Password
  2023-01-19 16:37:44 INFO  ProjectBanking:35 - Clicked on Login button
  2023-01-19 16:37:44 INFO  ProjectBanking:38 - Test is Passed
  2023-01-19 16:38:40 INFO  ProjectBanking:26 - URL is opened
  2023-01-19 16:38:41 INFO  ProjectBanking:28 - Window is maximized
  2023-01-19 16:38:41 INFO  ProjectBanking:31 - Entered Username
  2023-01-19 16:38:41 INFO  ProjectBanking:33 - Entered Password
  2023-01-19 16:38:42 INFO  ProjectBanking:35 - Clicked on Login button
  2023-01-19 16:38:42 INFO  ProjectBanking:38 - Test is Passed
  